This is pdfTeX, Version 3.141592653-2.6-1.40.26 (MiKTeX 24.4) (preloaded format=pdflatex 2025.1.8)  12 JAN 2025 16:45
entering extended mode
 restricted \write18 enabled.
 %&-line parsing enabled.
**./LaboratorioNo.2.tex
(LaboratorioNo.2.tex
LaTeX2e <2024-11-01> patch level 1
L3 programming layer <2024-12-09>
(C:\Users\gran_\AppData\Local\Programs\MiKTeX\tex/latex/ieeetran\IEEEtran.cls
Document Class: IEEEtran 2015/08/26 V1.8b by Michael Shell
-- See the "IEEEtran_HOWTO" manual for usage information.
-- http://www.michaelshell.org/tex/ieeetran/
\@IEEEtrantmpdimenA=\dimen141
\@IEEEtrantmpdimenB=\dimen142
\@IEEEtrantmpdimenC=\dimen143
\@IEEEtrantmpcountA=\count196
\@IEEEtrantmpcountB=\count197
\@IEEEtrantmpcountC=\count198
\@IEEEtrantmptoksA=\toks17
LaTeX Font Info:    Trying to load font information for OT1+ptm on input line 5
03.
(C:\Users\gran_\AppData\Local\Programs\MiKTeX\tex/latex/psnfss\ot1ptm.fd
File: ot1ptm.fd 2001/06/04 font definitions for OT1/ptm.
)
-- Using 8.5in x 11in (letter) paper.
-- Using PDF output.
\@IEEEnormalsizeunitybaselineskip=\dimen144
-- This is a 10 point document.
\CLASSINFOnormalsizebaselineskip=\dimen145
\CLASSINFOnormalsizeunitybaselineskip=\dimen146
\IEEEnormaljot=\dimen147
LaTeX Font Info:    Font shape `OT1/ptm/bx/n' in size <5> not available
(Font)              Font shape `OT1/ptm/b/n' tried instead on input line 1090.
LaTeX Font Info:    Font shape `OT1/ptm/bx/it' in size <5> not available
(Font)              Font shape `OT1/ptm/b/it' tried instead on input line 1090.

LaTeX Font Info:    Font shape `OT1/ptm/bx/n' in size <7> not available
(Font)              Font shape `OT1/ptm/b/n' tried instead on input line 1090.
LaTeX Font Info:    Font shape `OT1/ptm/bx/it' in size <7> not available
(Font)              Font shape `OT1/ptm/b/it' tried instead on input line 1090.

LaTeX Font Info:    Font shape `OT1/ptm/bx/n' in size <8> not available
(Font)              Font shape `OT1/ptm/b/n' tried instead on input line 1090.
LaTeX Font Info:    Font shape `OT1/ptm/bx/it' in size <8> not available
(Font)              Font shape `OT1/ptm/b/it' tried instead on input line 1090.

LaTeX Font Info:    Font shape `OT1/ptm/bx/n' in size <9> not available
(Font)              Font shape `OT1/ptm/b/n' tried instead on input line 1090.
LaTeX Font Info:    Font shape `OT1/ptm/bx/it' in size <9> not available
(Font)              Font shape `OT1/ptm/b/it' tried instead on input line 1090.

LaTeX Font Info:    Font shape `OT1/ptm/bx/n' in size <10> not available
(Font)              Font shape `OT1/ptm/b/n' tried instead on input line 1090.
LaTeX Font Info:    Font shape `OT1/ptm/bx/it' in size <10> not available
(Font)              Font shape `OT1/ptm/b/it' tried instead on input line 1090.

LaTeX Font Info:    Font shape `OT1/ptm/bx/n' in size <11> not available
(Font)              Font shape `OT1/ptm/b/n' tried instead on input line 1090.
LaTeX Font Info:    Font shape `OT1/ptm/bx/it' in size <11> not available
(Font)              Font shape `OT1/ptm/b/it' tried instead on input line 1090.

LaTeX Font Info:    Font shape `OT1/ptm/bx/n' in size <12> not available
(Font)              Font shape `OT1/ptm/b/n' tried instead on input line 1090.
LaTeX Font Info:    Font shape `OT1/ptm/bx/it' in size <12> not available
(Font)              Font shape `OT1/ptm/b/it' tried instead on input line 1090.

LaTeX Font Info:    Font shape `OT1/ptm/bx/n' in size <17> not available
(Font)              Font shape `OT1/ptm/b/n' tried instead on input line 1090.
LaTeX Font Info:    Font shape `OT1/ptm/bx/it' in size <17> not available
(Font)              Font shape `OT1/ptm/b/it' tried instead on input line 1090.

LaTeX Font Info:    Font shape `OT1/ptm/bx/n' in size <20> not available
(Font)              Font shape `OT1/ptm/b/n' tried instead on input line 1090.
LaTeX Font Info:    Font shape `OT1/ptm/bx/it' in size <20> not available
(Font)              Font shape `OT1/ptm/b/it' tried instead on input line 1090.

LaTeX Font Info:    Font shape `OT1/ptm/bx/n' in size <24> not available
(Font)              Font shape `OT1/ptm/b/n' tried instead on input line 1090.
LaTeX Font Info:    Font shape `OT1/ptm/bx/it' in size <24> not available
(Font)              Font shape `OT1/ptm/b/it' tried instead on input line 1090.

\IEEEquantizedlength=\dimen148
\IEEEquantizedlengthdiff=\dimen149
\IEEEquantizedtextheightdiff=\dimen150
\IEEEilabelindentA=\dimen151
\IEEEilabelindentB=\dimen152
\IEEEilabelindent=\dimen153
\IEEEelabelindent=\dimen154
\IEEEdlabelindent=\dimen155
\IEEElabelindent=\dimen156
\IEEEiednormlabelsep=\dimen157
\IEEEiedmathlabelsep=\dimen158
\IEEEiedtopsep=\skip49
\c@section=\count199
\c@subsection=\count266
\c@subsubsection=\count267
\c@paragraph=\count268
\c@IEEEsubequation=\count269
\abovecaptionskip=\skip50
\belowcaptionskip=\skip51
\c@figure=\count270
\c@table=\count271
\@IEEEeqnnumcols=\count272
\@IEEEeqncolcnt=\count273
\@IEEEsubeqnnumrollback=\count274
\@IEEEquantizeheightA=\dimen159
\@IEEEquantizeheightB=\dimen160
\@IEEEquantizeheightC=\dimen161
\@IEEEquantizeprevdepth=\dimen162
\@IEEEquantizemultiple=\count275
\@IEEEquantizeboxA=\box52
\@IEEEtmpitemindent=\dimen163
\IEEEPARstartletwidth=\dimen164
\c@IEEEbiography=\count276
\@IEEEtranrubishbin=\box53
)
** ATTENTION: Overriding command lockouts (line 2).
(C:\Users\gran_\AppData\Local\Programs\MiKTeX\tex/latex/cite\cite.sty
LaTeX Info: Redefining \cite on input line 302.
LaTeX Info: Redefining \nocite on input line 332.
Package: cite 2015/02/27  v 5.5
)
(C:\Users\gran_\AppData\Local\Programs\MiKTeX\tex/latex/amsmath\amsmath.sty
Package: amsmath 2024/11/05 v2.17t AMS math features
\@mathmargin=\skip52

For additional information on amsmath, use the `?' option.
(C:\Users\gran_\AppData\Local\Programs\MiKTeX\tex/latex/amsmath\amstext.sty
Package: amstext 2021/08/26 v2.01 AMS text

(C:\Users\gran_\AppData\Local\Programs\MiKTeX\tex/latex/amsmath\amsgen.sty
File: amsgen.sty 1999/11/30 v2.0 generic functions
\@emptytoks=\toks18
\ex@=\dimen165
))
(C:\Users\gran_\AppData\Local\Programs\MiKTeX\tex/latex/amsmath\amsbsy.sty
Package: amsbsy 1999/11/29 v1.2d Bold Symbols
\pmbraise@=\dimen166
)
(C:\Users\gran_\AppData\Local\Programs\MiKTeX\tex/latex/amsmath\amsopn.sty
Package: amsopn 2022/04/08 v2.04 operator names
)
\inf@bad=\count277
LaTeX Info: Redefining \frac on input line 233.
\uproot@=\count278
\leftroot@=\count279
LaTeX Info: Redefining \overline on input line 398.
LaTeX Info: Redefining \colon on input line 409.
\classnum@=\count280
\DOTSCASE@=\count281
LaTeX Info: Redefining \ldots on input line 495.
LaTeX Info: Redefining \dots on input line 498.
LaTeX Info: Redefining \cdots on input line 619.
\Mathstrutbox@=\box54
\strutbox@=\box55
LaTeX Info: Redefining \big on input line 721.
LaTeX Info: Redefining \Big on input line 722.
LaTeX Info: Redefining \bigg on input line 723.
LaTeX Info: Redefining \Bigg on input line 724.
\big@size=\dimen167
LaTeX Font Info:    Redeclaring font encoding OML on input line 742.
LaTeX Font Info:    Redeclaring font encoding OMS on input line 743.
\macc@depth=\count282
LaTeX Info: Redefining \bmod on input line 904.
LaTeX Info: Redefining \pmod on input line 909.
LaTeX Info: Redefining \smash on input line 939.
LaTeX Info: Redefining \relbar on input line 969.
LaTeX Info: Redefining \Relbar on input line 970.
\c@MaxMatrixCols=\count283
\dotsspace@=\muskip17
\c@parentequation=\count284
\dspbrk@lvl=\count285
\tag@help=\toks19
\row@=\count286
\column@=\count287
\maxfields@=\count288
\andhelp@=\toks20
\eqnshift@=\dimen168
\alignsep@=\dimen169
\tagshift@=\dimen170
\tagwidth@=\dimen171
\totwidth@=\dimen172
\lineht@=\dimen173
\@envbody=\toks21
\multlinegap=\skip53
\multlinetaggap=\skip54
\mathdisplay@stack=\toks22
LaTeX Info: Redefining \[ on input line 2953.
LaTeX Info: Redefining \] on input line 2954.
)
(C:\Users\gran_\AppData\Local\Programs\MiKTeX\tex/latex/amsfonts\amssymb.sty
Package: amssymb 2013/01/14 v3.01 AMS font symbols

(C:\Users\gran_\AppData\Local\Programs\MiKTeX\tex/latex/amsfonts\amsfonts.sty
Package: amsfonts 2013/01/14 v3.01 Basic AMSFonts support
\symAMSa=\mathgroup4
\symAMSb=\mathgroup5
LaTeX Font Info:    Redeclaring math symbol \hbar on input line 98.
LaTeX Font Info:    Overwriting math alphabet `\mathfrak' in version `bold'
(Font)                  U/euf/m/n --> U/euf/b/n on input line 106.
))
(C:\Users\gran_\AppData\Local\Programs\MiKTeX\tex/latex/algorithms\algorithmic.
sty
Package: algorithmic 2009/08/24 v0.1 Document Style `algorithmic'
 (C:\Users\gran_\AppData\Local\Programs\MiKTeX\tex/latex/base\ifthen.sty
Package: ifthen 2024/03/16 v1.1e Standard LaTeX ifthen package (DPC)
)
(C:\Users\gran_\AppData\Local\Programs\MiKTeX\tex/latex/graphics\keyval.sty
Package: keyval 2022/05/29 v1.15 key=value parser (DPC)
\KV@toks@=\toks23
)
\c@ALC@unique=\count289
\c@ALC@line=\count290
\c@ALC@rem=\count291
\c@ALC@depth=\count292
\ALC@tlm=\skip55
\algorithmicindent=\skip56
)
(C:\Users\gran_\AppData\Local\Programs\MiKTeX\tex/latex/graphics\graphicx.sty
Package: graphicx 2021/09/16 v1.2d Enhanced LaTeX Graphics (DPC,SPQR)

(C:\Users\gran_\AppData\Local\Programs\MiKTeX\tex/latex/graphics\graphics.sty
Package: graphics 2024/08/06 v1.4g Standard LaTeX Graphics (DPC,SPQR)

(C:\Users\gran_\AppData\Local\Programs\MiKTeX\tex/latex/graphics\trig.sty
Package: trig 2023/12/02 v1.11 sin cos tan (DPC)
)
(C:\Users\gran_\AppData\Local\Programs\MiKTeX\tex/latex/graphics-cfg\graphics.c
fg
File: graphics.cfg 2016/06/04 v1.11 sample graphics configuration
)
Package graphics Info: Driver file: pdftex.def on input line 106.

(C:\Users\gran_\AppData\Local\Programs\MiKTeX\tex/latex/graphics-def\pdftex.def
File: pdftex.def 2024/04/13 v1.2c Graphics/color driver for pdftex
))
\Gin@req@height=\dimen174
\Gin@req@width=\dimen175
) (C:\Users\gran_\AppData\Local\Programs\MiKTeX\tex/latex/base\textcomp.sty
Package: textcomp 2024/04/24 v2.1b Standard LaTeX package
)
(C:\Users\gran_\AppData\Local\Programs\MiKTeX\tex/latex/xcolor\xcolor.sty
Package: xcolor 2024/09/29 v3.02 LaTeX color extensions (UK)

(C:\Users\gran_\AppData\Local\Programs\MiKTeX\tex/latex/graphics-cfg\color.cfg
File: color.cfg 2016/01/02 v1.6 sample color configuration
)
Package xcolor Info: Driver file: pdftex.def on input line 274.
(C:\Users\gran_\AppData\Local\Programs\MiKTeX\tex/latex/graphics\mathcolor.ltx)
Package xcolor Info: Model `cmy' substituted by `cmy0' on input line 1349.
Package xcolor Info: Model `hsb' substituted by `rgb' on input line 1353.
Package xcolor Info: Model `RGB' extended on input line 1365.
Package xcolor Info: Model `HTML' substituted by `rgb' on input line 1367.
Package xcolor Info: Model `Hsb' substituted by `hsb' on input line 1368.
Package xcolor Info: Model `tHsb' substituted by `hsb' on input line 1369.
Package xcolor Info: Model `HSB' substituted by `hsb' on input line 1370.
Package xcolor Info: Model `Gray' substituted by `gray' on input line 1371.
Package xcolor Info: Model `wave' substituted by `hsb' on input line 1372.
)
(C:\Users\gran_\AppData\Local\Programs\MiKTeX\tex/latex/l3backend\l3backend-pdf
tex.def
File: l3backend-pdftex.def 2024-05-08 L3 backend support: PDF output (pdfTeX)
\l__color_backend_stack_int=\count293
\l__pdf_internal_box=\box56
) (LaboratorioNo.2.aux

LaTeX Warning: Label `picture' multiply defined.


LaTeX Warning: Label `picture' multiply defined.


LaTeX Warning: Label `picture' multiply defined.


LaTeX Warning: Label `picture' multiply defined.


LaTeX Warning: Label `picture' multiply defined.


LaTeX Warning: Label `picture' multiply defined.


LaTeX Warning: Label `picture' multiply defined.


LaTeX Warning: Label `picture' multiply defined.


LaTeX Warning: Label `picture' multiply defined.


LaTeX Warning: Label `picture' multiply defined.


LaTeX Warning: Label `picture' multiply defined.


LaTeX Warning: Label `picture' multiply defined.


LaTeX Warning: Label `picture' multiply defined.


LaTeX Warning: Label `picture' multiply defined.


LaTeX Warning: Label `picture' multiply defined.


LaTeX Warning: Label `picture' multiply defined.


LaTeX Warning: Label `picture' multiply defined.


LaTeX Warning: Label `picture' multiply defined.


LaTeX Warning: Label `picture' multiply defined.


LaTeX Warning: Label `picture' multiply defined.


LaTeX Warning: Label `picture' multiply defined.


LaTeX Warning: Label `picture' multiply defined.


LaTeX Warning: Label `picture' multiply defined.


LaTeX Warning: Label `picture' multiply defined.


LaTeX Warning: Label `picture' multiply defined.


LaTeX Warning: Label `picture' multiply defined.


LaTeX Warning: Label `picture' multiply defined.


LaTeX Warning: Label `picture' multiply defined.


LaTeX Warning: Label `picture' multiply defined.


LaTeX Warning: Label `picture' multiply defined.


LaTeX Warning: Label `picture' multiply defined.


LaTeX Warning: Label `picture' multiply defined.


LaTeX Warning: Label `picture' multiply defined.


LaTeX Warning: Label `picture' multiply defined.


LaTeX Warning: Label `picture' multiply defined.

)
\openout1 = `LaboratorioNo.2.aux'.

LaTeX Font Info:    Checking defaults for OML/cmm/m/it on input line 12.
LaTeX Font Info:    ... okay on input line 12.
LaTeX Font Info:    Checking defaults for OMS/cmsy/m/n on input line 12.
LaTeX Font Info:    ... okay on input line 12.
LaTeX Font Info:    Checking defaults for OT1/cmr/m/n on input line 12.
LaTeX Font Info:    ... okay on input line 12.
LaTeX Font Info:    Checking defaults for T1/cmr/m/n on input line 12.
LaTeX Font Info:    ... okay on input line 12.
LaTeX Font Info:    Checking defaults for TS1/cmr/m/n on input line 12.
LaTeX Font Info:    ... okay on input line 12.
LaTeX Font Info:    Checking defaults for OMX/cmex/m/n on input line 12.
LaTeX Font Info:    ... okay on input line 12.
LaTeX Font Info:    Checking defaults for U/cmr/m/n on input line 12.
LaTeX Font Info:    ... okay on input line 12.

-- Lines per column: 56 (exact).

(C:\Users\gran_\AppData\Local\Programs\MiKTeX\tex/context/base/mkii\supp-pdf.mk
ii
[Loading MPS to PDF converter (version 2006.09.02).]
\scratchcounter=\count294
\scratchdimen=\dimen176
\scratchbox=\box57
\nofMPsegments=\count295
\nofMParguments=\count296
\everyMPshowfont=\toks24
\MPscratchCnt=\count297
\MPscratchDim=\dimen177
\MPnumerator=\count298
\makeMPintoPDFobject=\count299
\everyMPtoPDFconversion=\toks25
)
(C:\Users\gran_\AppData\Local\Programs\MiKTeX\tex/latex/epstopdf-pkg\epstopdf-b
ase.sty
Package: epstopdf-base 2020-01-24 v2.11 Base part for package epstopdf
Package epstopdf-base Info: Redefining graphics rule for `.eps' on input line 4
85.

(C:\Users\gran_\AppData\Local\Programs\MiKTeX\tex/latex/00miktex\epstopdf-sys.c
fg
File: epstopdf-sys.cfg 2021/03/18 v2.0 Configuration of epstopdf for MiKTeX
))
LaTeX Font Info:    Calculating math sizes for size <11> on input line 38.
LaTeX Font Info:    Trying to load font information for U+msa on input line 38.

 (C:\Users\gran_\AppData\Local\Programs\MiKTeX\tex/latex/amsfonts\umsa.fd
File: umsa.fd 2013/01/14 v3.01 AMS symbols A
)
LaTeX Font Info:    Trying to load font information for U+msb on input line 38.


(C:\Users\gran_\AppData\Local\Programs\MiKTeX\tex/latex/amsfonts\umsb.fd
File: umsb.fd 2013/01/14 v3.01 AMS symbols B
)



[1{C:/Users/gran_/AppData/Local/MiKTeX/fonts/map/pdftex/pdftex.map}{C:/Users/gr
an_/AppData/Local/Programs/MiKTeX/fonts/enc/dvips/base/8r.enc}


]


Underfull \hbox (badness 2165) in paragraph at lines 92--94
[]\OT1/ptm/m/n/10 Libro No 1: Sis-temas de Apren-dizaje Au-tom[]atico.
 []


Underfull \hbox (badness 6876) in paragraph at lines 92--94
\OT1/ptm/m/n/10 Au-tores: So-ria Oli-vas, Emilio S[]anchez Monta[]n[]es
 []


Underfull \hbox (badness 3333) in paragraph at lines 92--94
\OT1/ptm/m/n/10 Isla, Manuel An-to-nio Gamero Cruz, Ruth. ISBN:
 []



[2]



[3]



[4]


Underfull \hbox (badness 1675) in paragraph at lines 158--159
\OT1/ptm/m/n/10 de ru-tas no solo in-volu-cra al-go-rit-mos heur[]^^Psticos o d
e
 []



[5]

<Imagen1.png, id=22, 142.569pt x 192.8295pt>
File: Imagen1.png Graphic file (type png)
<use Imagen1.png>
Package pdftex.def Info: Imagen1.png  used on input line 194.
(pdftex.def)             Requested size: 155.38005pt x 210.16525pt.
<Imagen2.png, id=24, 290.58563pt x 138.5175pt>
File: Imagen2.png Graphic file (type png)
<use Imagen2.png>
Package pdftex.def Info: Imagen2.png  used on input line 201.
(pdftex.def)             Requested size: 220.4237pt x 105.0736pt.


[6 <./Imagen1.png>]
<Imagen3.png, id=29, 293.59688pt x 184.43906pt>
File: Imagen3.png Graphic file (type png)
<use Imagen3.png>
Package pdftex.def Info: Imagen3.png  used on input line 208.
(pdftex.def)             Requested size: 220.4237pt x 138.46965pt.
<Imagen4.png, id=30, 451.0305pt x 69.642pt>
File: Imagen4.png Graphic file (type png)
<use Imagen4.png>
Package pdftex.def Info: Imagen4.png  used on input line 215.
(pdftex.def)             Requested size: 249.33127pt x 38.49873pt.
<Imagen15.png, id=31, 78.84pt x 90.009pt>
File: Imagen15.png Graphic file (type png)
<use Imagen15.png>
Package pdftex.def Info: Imagen15.png  used on input line 221.
(pdftex.def)             Requested size: 83.11005pt x 94.88853pt.
<Imagen6.png, id=32, 482.55281pt x 157.33781pt>
File: Imagen6.png Graphic file (type png)
<use Imagen6.png>
Package pdftex.def Info: Imagen6.png  used on input line 228.
(pdftex.def)             Requested size: 249.33127pt x 81.29515pt.


<Imagen7.png, id=33, 482.55281pt x 39.89906pt>
File: Imagen7.png Graphic file (type png)
<use Imagen7.png>
Package pdftex.def Info: Imagen7.png  used on input line 235.
(pdftex.def)             Requested size: 249.33127pt x 20.6155pt.
<Imagen8.png, id=34, 250.68657pt x 137.7647pt>
File: Imagen8.png Graphic file (type png)
<use Imagen8.png>
Package pdftex.def Info: Imagen8.png  used on input line 241.
(pdftex.def)             Requested size: 155.38005pt x 85.3922pt.
<Imagen9.png, id=35, 400.77pt x 77.8545pt>
File: Imagen9.png Graphic file (type png)
<use Imagen9.png>
Package pdftex.def Info: Imagen9.png  used on input line 248.
(pdftex.def)             Requested size: 249.33127pt x 48.4356pt.
<Imagen16.png, id=36, 102.8205pt x 69.3135pt>
File: Imagen16.png Graphic file (type png)
<use Imagen16.png>
Package pdftex.def Info: Imagen16.png  used on input line 254.
(pdftex.def)             Requested size: 177.06128pt x 119.36917pt.
<Imagen10.png, id=37, 481.8pt x 127.97812pt>
File: Imagen10.png Graphic file (type png)
<use Imagen10.png>
Package pdftex.def Info: Imagen10.png  used on input line 261.
(pdftex.def)             Requested size: 249.33127pt x 66.22874pt.


[7 <./Imagen2.png> <./Imagen3.png> <./Imagen4.png> <./Imagen15.png> <./Imagen6.
png> <./Imagen7.png> <./Imagen8.png> <./Imagen9.png> <./Imagen16.png>]
<Imagen11.png, id=51, 483.30562pt x 39.89906pt>
File: Imagen11.png Graphic file (type png)
<use Imagen11.png>
Package pdftex.def Info: Imagen11.png  used on input line 268.
(pdftex.def)             Requested size: 249.33127pt x 20.58324pt.
<Imagen12.png, id=52, 247.67531pt x 124.21407pt>
File: Imagen12.png Graphic file (type png)
<use Imagen12.png>
Package pdftex.def Info: Imagen12.png  used on input line 274.
(pdftex.def)             Requested size: 155.38005pt x 77.92546pt.
<Imagen13.png, id=53, 199.49532pt x 46.67438pt>
File: Imagen13.png Graphic file (type png)
<use Imagen13.png>
Package pdftex.def Info: Imagen13.png  used on input line 281.
(pdftex.def)             Requested size: 249.33127pt x 58.3371pt.
<Imagen14.png, id=54, 388.45125pt x 75.28125pt>
File: Imagen14.png Graphic file (type png)
<use Imagen14.png>
Package pdftex.def Info: Imagen14.png  used on input line 288.
(pdftex.def)             Requested size: 249.33127pt x 48.3211pt.
<Imagen17.png, id=55, 114.975pt x 97.5645pt>
File: Imagen17.png Graphic file (type png)
<use Imagen17.png>
Package pdftex.def Info: Imagen17.png  used on input line 294.
(pdftex.def)             Requested size: 177.06128pt x 150.2557pt.
<Imagen18.png, id=56, 481.8pt x 127.22531pt>
File: Imagen18.png Graphic file (type png)
<use Imagen18.png>
Package pdftex.def Info: Imagen18.png  used on input line 301.
(pdftex.def)             Requested size: 249.33127pt x 65.83916pt.


<Imagen19.png, id=57, 481.8pt x 39.89906pt>
File: Imagen19.png Graphic file (type png)
<use Imagen19.png>
Package pdftex.def Info: Imagen19.png  used on input line 308.
(pdftex.def)             Requested size: 249.33127pt x 20.64777pt.
<Imagen20.png, id=58, 247.67531pt x 129.48375pt>
File: Imagen20.png Graphic file (type png)
<use Imagen20.png>
Package pdftex.def Info: Imagen20.png  used on input line 314.
(pdftex.def)             Requested size: 104.79128pt x 54.78387pt.

Underfull \hbox (badness 1565) in paragraph at lines 318--319
\OT1/ptm/m/n/10 di-recta a Leti-cia con un to-tal aprox-i-mado de 700
 []



[8 <./Imagen10.png> <./Imagen11.png> <./Imagen12.png> <./Imagen13.png> <./Image
n14.png> <./Imagen17.png> <./Imagen18.png> <./Imagen19.png> <./Imagen20.png>]
<Imagen21.png, id=71, 225.84375pt x 46.67438pt>
File: Imagen21.png Graphic file (type png)
<use Imagen21.png>
Package pdftex.def Info: Imagen21.png  used on input line 327.
(pdftex.def)             Requested size: 249.33127pt x 51.53139pt.
<Imagen22.png, id=72, 954.56625pt x 289.83281pt>
File: Imagen22.png Graphic file (type png)
<use Imagen22.png>
Package pdftex.def Info: Imagen22.png  used on input line 335.
(pdftex.def)             Requested size: 249.33127pt x 75.69969pt.
<Imagen23.png, id=73, 949.29657pt x 70.01157pt>
File: Imagen23.png Graphic file (type png)
<use Imagen23.png>
Package pdftex.def Info: Imagen23.png  used on input line 342.
(pdftex.def)             Requested size: 249.33127pt x 18.38844pt.
<Imagen24.png, id=74, 528.47438pt x 405.01312pt>
File: Imagen24.png Graphic file (type png)
<use Imagen24.png>
Package pdftex.def Info: Imagen24.png  used on input line 349.
(pdftex.def)             Requested size: 177.06128pt x 135.69414pt.
<Imagen25.png, id=75, 361.35pt x 89.58469pt>
File: Imagen25.png Graphic file (type png)
<use Imagen25.png>
Package pdftex.def Info: Imagen25.png  used on input line 356.
(pdftex.def)             Requested size: 249.33127pt x 61.81349pt.


<Imagen26.png, id=76, 394.47375pt x 218.31563pt>
File: Imagen26.png Graphic file (type png)
<use Imagen26.png>
Package pdftex.def Info: Imagen26.png  used on input line 364.
(pdftex.def)             Requested size: 249.33127pt x 137.98927pt.


[9 <./Imagen21.png> <./Imagen22.png> <./Imagen23.png> <./Imagen24.png> <./Image
n25.png> <./Imagen26.png>]

<Imagen27.png, id=86, 263.48438pt x 128.73094pt>
File: Imagen27.png Graphic file (type png)
<use Imagen27.png>
Package pdftex.def Info: Imagen27.png  used on input line 414.
(pdftex.def)             Requested size: 114.90903pt x 56.14088pt.

Underfull \vbox (badness 2653) has occurred while \output is active []



[10 <./Imagen27.png>]
<Imagen28.png, id=91, 955.31906pt x 259.7203pt>
File: Imagen28.png Graphic file (type png)
<use Imagen28.png>
Package pdftex.def Info: Imagen28.png  used on input line 423.
(pdftex.def)             Requested size: 249.33127pt x 67.78328pt.
<Imagen29.png, id=92, 377.15906pt x 40.65187pt>
File: Imagen29.png Graphic file (type png)
<use Imagen29.png>
Package pdftex.def Info: Imagen29.png  used on input line 432.
(pdftex.def)             Requested size: 249.33127pt x 26.87373pt.
<Imagen30.png, id=93, 507.39563pt x 41.4047pt>
File: Imagen30.png Graphic file (type png)
<use Imagen30.png>
Package pdftex.def Info: Imagen30.png  used on input line 443.
(pdftex.def)             Requested size: 249.33127pt x 20.34595pt.


<Imagen31.png, id=94, 243.91125pt x 88.07906pt>
File: Imagen31.png Graphic file (type png)
<use Imagen31.png>
Package pdftex.def Info: Imagen31.png  used on input line 458.
(pdftex.def)             Requested size: 249.33127pt x 90.03699pt.
<Imagen32.png, id=95, 307.90031pt x 41.4047pt>
File: Imagen32.png Graphic file (type png)
<use Imagen32.png>
Package pdftex.def Info: Imagen32.png  used on input line 467.
(pdftex.def)             Requested size: 249.33127pt x 33.52939pt.
<Imagen33.png, id=96, 409.53pt x 86.57344pt>
File: Imagen33.png Graphic file (type png)
<use Imagen33.png>
Package pdftex.def Info: Imagen33.png  used on input line 478.
(pdftex.def)             Requested size: 249.33127pt x 52.7093pt.
<Imagen34.png, id=97, 286.82156pt x 150.5625pt>
File: Imagen34.png Graphic file (type png)
<use Imagen34.png>
Package pdftex.def Info: Imagen34.png  used on input line 486.
(pdftex.def)             Requested size: 249.33127pt x 130.88492pt.


[11 <./Imagen28.png> <./Imagen29.png> <./Imagen30.png> <./Imagen31.png> <./Imag
en32.png>]
<Imagen36.png, id=106, 414.79968pt x 118.94438pt>
File: Imagen36.png Graphic file (type png)
<use Imagen36.png>
Package pdftex.def Info: Imagen36.png  used on input line 494.
(pdftex.def)             Requested size: 249.33127pt x 71.49603pt.
<Imagen39.png, id=107, 319.94531pt x 126.4725pt>
File: Imagen39.png Graphic file (type png)
<use Imagen39.png>
Package pdftex.def Info: Imagen39.png  used on input line 504.
(pdftex.def)             Requested size: 249.33127pt x 98.5613pt.


<Imagen40.png, id=108, 313.17pt x 231.11343pt>
File: Imagen40.png Graphic file (type png)
<use Imagen40.png>
Package pdftex.def Info: Imagen40.png  used on input line 519.
(pdftex.def)             Requested size: 249.33127pt x 184.00584pt.


[12 <./Imagen33.png> <./Imagen34.png> <./Imagen36.png> <./Imagen39.png>]



[13 <./Imagen40.png>]


Underfull \hbox (badness 2165) in paragraph at lines 608--609
[]\OT1/ptm/m/n/10 Libro No 1: Sis-temas de Apren-dizaje Au-tom[]atico.
 []


Underfull \hbox (badness 6876) in paragraph at lines 608--609
\OT1/ptm/m/n/10 Au-tores: So-ria Oli-vas, Emilio S[]anchez Monta[]n[]es
 []


Underfull \hbox (badness 3333) in paragraph at lines 608--609
\OT1/ptm/m/n/10 Isla, Manuel An-to-nio Gamero Cruz, Ruth. ISBN:
 []


Underfull \hbox (badness 2970) in paragraph at lines 620--621
[]\OT1/ptm/m/n/10 Tema 9: In-ves-ti-gaci[]on en Apren-dizaje Au-tom[]atico,
 []


Underfull \hbox (badness 1715) in paragraph at lines 620--621
\OT1/ptm/m/n/10 Aula Vir-tual In-teligen-cia Ar-ti-fi-cial e In-ge-nier[]^^Pa d
el
 []


** Conference Paper **
Before submitting the final camera ready copy, remember to:

 1. Manually equalize the lengths of two columns on the last page
 of your paper;

 2. Ensure that any PostScript and/or PDF output post-processing
 uses only Type 1 fonts and that every step in the generation
 process uses the appropriate paper size.



[14] (LaboratorioNo.2.aux)
 ***********
LaTeX2e <2024-11-01> patch level 1
L3 programming layer <2024-12-09>
 ***********


LaTeX Warning: There were multiply-defined labels.

 ) 
Here is how much of TeX's memory you used:
 4437 strings out of 473577
 71380 string characters out of 5716318
 481926 words of memory out of 5000000
 27591 multiletter control sequences out of 15000+600000
 594467 words of font info for 109 fonts, out of 8000000 for 9000
 1141 hyphenation exceptions out of 8191
 57i,11n,65p,2108b,335s stack positions out of 10000i,1000n,20000p,200000b,200000s
<C:/Users/gran_/AppData/Local/Programs/MiKTeX/fonts/type1/public/amsfonts/cm/
cmsy7.pfb><C:/Users/gran_/AppData/Local/Programs/MiKTeX/fonts/type1/urw/times/u
tmb8a.pfb><C:/Users/gran_/AppData/Local/Programs/MiKTeX/fonts/type1/urw/times/u
tmbi8a.pfb><C:/Users/gran_/AppData/Local/Programs/MiKTeX/fonts/type1/urw/times/
utmr8a.pfb><C:/Users/gran_/AppData/Local/Programs/MiKTeX/fonts/type1/urw/times/
utmri8a.pfb>
Output written on LaboratorioNo.2.pdf (14 pages, 1729453 bytes).
PDF statistics:
 147 PDF objects out of 1000 (max. 8388607)
 0 named destinations out of 1000 (max. 500000)
 181 words of extra memory for PDF output out of 10000 (max. 10000000)

